# JRE version: OpenJDK Runtime Environment (8.0_152-b01) (build 1.8.0_152-release-884-b01)
# Java VM: OpenJDK 64-Bit Server VM (25.152-b01 mixed mode windows-amd64 compressed oops)
Heap:
 PSYoungGen      total 242176K, used 207445K [0x00000000e0000000, 0x00000000f4080000, 0x0000000100000000)
  eden space 203776K, 98% used [0x00000000e0000000,0x00000000ec3b39e8,0x00000000ec700000)
  from space 38400K, 18% used [0x00000000eec00000,0x00000000ef2e1be0,0x00000000f1180000)
  to   space 37888K, 0% used [0x00000000ec700000,0x00000000ec700000,0x00000000eec00000)
 ParOldGen       total 95232K, used 64707K [0x00000000a0000000, 0x00000000a5d00000, 0x00000000e0000000)
  object space 95232K, 67% used [0x00000000a0000000,0x00000000a3f30c00,0x00000000a5d00000)
 Metaspace       used 69576K, capacity 72690K, committed 72792K, reserved 1112064K
  class space    used 8829K, capacity 9546K, committed 9600K, reserved 1048576K
GC Heap History (10 events):
Event: 406.582 GC heap before
{Heap before GC invocations=25 (full 3):
 PSYoungGen      total 164864K, used 164844K [0x00000000e0000000, 0x00000000ee080000, 0x0000000100000000)
  eden space 138752K, 100% used [0x00000000e0000000,0x00000000e8780000,0x00000000e8780000)
  from space 26112K, 99% used [0x00000000e8780000,0x00000000ea0fb310,0x00000000ea100000)
  to   space 32768K, 0% used [0x00000000ec080000,0x00000000ec080000,0x00000000ee080000)
 ParOldGen       total 95232K, used 40198K [0x00000000a0000000, 0x00000000a5d00000, 0x00000000e0000000)
  object space 95232K, 42% used [0x00000000a0000000,0x00000000a2741a70,0x00000000a5d00000)
 Metaspace       used 66235K, capacity 69006K, committed 69336K, reserved 1110016K
  class space    used 8454K, capacity 9133K, committed 9216K, reserved 1048576K
Event: 415.110 GC heap after
Heap after GC invocations=25 (full 3):
 PSYoungGen      total 192000K, used 32295K [0x00000000e0000000, 0x00000000ef380000, 0x0000000100000000)
  eden space 159232K, 0% used [0x00000000e0000000,0x00000000e0000000,0x00000000e9b80000)
  from space 32768K, 98% used [0x00000000ec080000,0x00000000ee009f80,0x00000000ee080000)
  to   space 37888K, 0% used [0x00000000e9b80000,0x00000000e9b80000,0x00000000ec080000)
 ParOldGen       total 95232K, used 40206K [0x00000000a0000000, 0x00000000a5d00000, 0x00000000e0000000)
  object space 95232K, 42% used [0x00000000a0000000,0x00000000a2743a70,0x00000000a5d00000)
 Metaspace       used 66235K, capacity 69006K, committed 69336K, reserved 1110016K
  class space    used 8454K, capacity 9133K, committed 9216K, reserved 1048576K
}
Event: 485.227 GC heap before
{Heap before GC invocations=26 (full 3):
 PSYoungGen      total 192000K, used 191527K [0x00000000e0000000, 0x00000000ef380000, 0x0000000100000000)
  eden space 159232K, 100% used [0x00000000e0000000,0x00000000e9b80000,0x00000000e9b80000)
  from space 32768K, 98% used [0x00000000ec080000,0x00000000ee009f80,0x00000000ee080000)
  to   space 37888K, 0% used [0x00000000e9b80000,0x00000000e9b80000,0x00000000ec080000)
 ParOldGen       total 95232K, used 40206K [0x00000000a0000000, 0x00000000a5d00000, 0x00000000e0000000)
  object space 95232K, 42% used [0x00000000a0000000,0x00000000a2743a70,0x00000000a5d00000)
 Metaspace       used 66706K, capacity 69436K, committed 69592K, reserved 1110016K
  class space    used 8467K, capacity 9140K, committed 9216K, reserved 1048576K
Event: 488.802 GC heap after
Heap after GC invocations=26 (full 3):
 PSYoungGen      total 197120K, used 25593K [0x00000000e0000000, 0x00000000f1280000, 0x0000000100000000)
  eden space 159232K, 0% used [0x00000000e0000000,0x00000000e0000000,0x00000000e9b80000)
  from space 37888K, 67% used [0x00000000e9b80000,0x00000000eb47e660,0x00000000ec080000)
  to   space 39424K, 0% used [0x00000000eec00000,0x00000000eec00000,0x00000000f1280000)
 ParOldGen       total 95232K, used 40214K [0x00000000a0000000, 0x00000000a5d00000, 0x00000000e0000000)
  object space 95232K, 42% used [0x00000000a0000000,0x00000000a2745a70,0x00000000a5d00000)
 Metaspace       used 66706K, capacity 69436K, committed 69592K, reserved 1110016K
  class space    used 8467K, capacity 9140K, committed 9216K, reserved 1048576K
}
Event: 499.443 GC heap before
{Heap before GC invocations=27 (full 3):
 PSYoungGen      total 197120K, used 183821K [0x00000000e0000000, 0x00000000f1280000, 0x0000000100000000)
  eden space 159232K, 99% used [0x00000000e0000000,0x00000000e9a85110,0x00000000e9b80000)
  from space 37888K, 67% used [0x00000000e9b80000,0x00000000eb47e660,0x00000000ec080000)
  to   space 39424K, 0% used [0x00000000eec00000,0x00000000eec00000,0x00000000f1280000)
 ParOldGen       total 95232K, used 40214K [0x00000000a0000000, 0x00000000a5d00000, 0x00000000e0000000)
  object space 95232K, 42% used [0x00000000a0000000,0x00000000a2745a70,0x00000000a5d00000)
 Metaspace       used 67667K, capacity 70538K, committed 70744K, reserved 1110016K
  class space    used 8611K, capacity 9307K, committed 9344K, reserved 1048576K
Event: 499.598 GC heap after
Heap after GC invocations=27 (full 3):
 PSYoungGen      total 238592K, used 24806K [0x00000000e0000000, 0x00000000f1180000, 0x0000000100000000)
  eden space 200192K, 0% used [0x00000000e0000000,0x00000000e0000000,0x00000000ec380000)
  from space 38400K, 64% used [0x00000000eec00000,0x00000000f0439898,0x00000000f1180000)
  to   space 39936K, 0% used [0x00000000ec380000,0x00000000ec380000,0x00000000eea80000)
 ParOldGen       total 95232K, used 46871K [0x00000000a0000000, 0x00000000a5d00000, 0x00000000e0000000)
  object space 95232K, 49% used [0x00000000a0000000,0x00000000a2dc5d88,0x00000000a5d00000)
 Metaspace       used 67667K, capacity 70538K, committed 70744K, reserved 1110016K
  class space    used 8611K, capacity 9307K, committed 9344K, reserved 1048576K
}
Event: 499.889 GC heap before
{Heap before GC invocations=28 (full 3):
 PSYoungGen      total 238592K, used 224748K [0x00000000e0000000, 0x00000000f1180000, 0x0000000100000000)
  eden space 200192K, 99% used [0x00000000e0000000,0x00000000ec341af0,0x00000000ec380000)
  from space 38400K, 64% used [0x00000000eec00000,0x00000000f0439898,0x00000000f1180000)
  to   space 39936K, 0% used [0x00000000ec380000,0x00000000ec380000,0x00000000eea80000)
 ParOldGen       total 95232K, used 46871K [0x00000000a0000000, 0x00000000a5d00000, 0x00000000e0000000)
  object space 95232K, 49% used [0x00000000a0000000,0x00000000a2dc5d88,0x00000000a5d00000)
 Metaspace       used 67680K, capacity 70538K, committed 70744K, reserved 1110016K
  class space    used 8611K, capacity 9307K, committed 9344K, reserved 1048576K
Event: 500.195 GC heap after
Heap after GC invocations=28 (full 3):
 PSYoungGen      total 240128K, used 14238K [0x00000000e0000000, 0x00000000f1180000, 0x0000000100000000)
  eden space 200192K, 0% used [0x00000000e0000000,0x00000000e0000000,0x00000000ec380000)
  from space 39936K, 35% used [0x00000000ec380000,0x00000000ed167b60,0x00000000eea80000)
  to   space 38400K, 0% used [0x00000000eec00000,0x00000000eec00000,0x00000000f1180000)
 ParOldGen       total 95232K, used 56594K [0x00000000a0000000, 0x00000000a5d00000, 0x00000000e0000000)
  object space 95232K, 59% used [0x00000000a0000000,0x00000000a3744820,0x00000000a5d00000)
 Metaspace       used 67680K, capacity 70538K, committed 70744K, reserved 1110016K
  class space    used 8611K, capacity 9307K, committed 9344K, reserved 1048576K
}
Event: 519.700 GC heap before
{Heap before GC invocations=29 (full 3):
 PSYoungGen      total 240128K, used 214430K [0x00000000e0000000, 0x00000000f1180000, 0x0000000100000000)
  eden space 200192K, 100% used [0x00000000e0000000,0x00000000ec380000,0x00000000ec380000)
  from space 39936K, 35% used [0x00000000ec380000,0x00000000ed167b60,0x00000000eea80000)
  to   space 38400K, 0% used [0x00000000eec00000,0x00000000eec00000,0x00000000f1180000)
 ParOldGen       total 95232K, used 56594K [0x00000000a0000000, 0x00000000a5d00000, 0x00000000e0000000)
  object space 95232K, 59% used [0x00000000a0000000,0x00000000a3744820,0x00000000a5d00000)
 Metaspace       used 68381K, capacity 71446K, committed 71640K, reserved 1112064K
  class space    used 8717K, capacity 9415K, committed 9472K, reserved 1048576K
Event: 519.824 GC heap after
Heap after GC invocations=29 (full 3):
 PSYoungGen      total 242176K, used 7046K [0x00000000e0000000, 0x00000000f4080000, 0x0000000100000000)
  eden space 203776K, 0% used [0x00000000e0000000,0x00000000e0000000,0x00000000ec700000)
  from space 38400K, 18% used [0x00000000eec00000,0x00000000ef2e1be0,0x00000000f1180000)
  to   space 37888K, 0% used [0x00000000ec700000,0x00000000ec700000,0x00000000eec00000)
 ParOldGen       total 95232K, used 64707K [0x00000000a0000000, 0x00000000a5d00000, 0x00000000e0000000)
  object space 95232K, 67% used [0x00000000a0000000,0x00000000a3f30c00,0x00000000a5d00000)
 Metaspace       used 68381K, capacity 71446K, committed 71640K, reserved 1112064K
  class space    used 8717K, capacity 9415K, committed 9472K, reserved 1048576K
}

