# JRE version: OpenJDK Runtime Environment (8.0_152-b01) (build 1.8.0_152-release-884-b01)
# Java VM: OpenJDK 64-Bit Server VM (25.152-b01 mixed mode windows-amd64 compressed oops)
Heap:
 PSYoungGen      total 456192K, used 52758K [0x00000000e0000000, 0x00000000fe280000, 0x0000000100000000)
  eden space 418304K, 9% used [0x00000000e0000000,0x00000000e2575238,0x00000000f9880000)
  from space 37888K, 38% used [0x00000000f9880000,0x00000000fa690860,0x00000000fbd80000)
  to   space 30208K, 0% used [0x00000000fc500000,0x00000000fc500000,0x00000000fe280000)
 ParOldGen       total 166400K, used 101020K [0x00000000a0000000, 0x00000000aa280000, 0x00000000e0000000)
  object space 166400K, 60% used [0x00000000a0000000,0x00000000a62a71e8,0x00000000aa280000)
 Metaspace       used 67360K, capacity 70650K, committed 70744K, reserved 1110016K
  class space    used 8576K, capacity 9326K, committed 9344K, reserved 1048576K
GC Heap History (10 events):
Event: 64.303 GC heap before
{Heap before GC invocations=23 (full 4):
 PSYoungGen      total 264192K, used 20984K [0x00000000e0000000, 0x00000000f9780000, 0x0000000100000000)
  eden space 243200K, 0% used [0x00000000e0000000,0x00000000e0000000,0x00000000eed80000)
  from space 20992K, 99% used [0x00000000eed80000,0x00000000f01fe210,0x00000000f0200000)
  to   space 41984K, 0% used [0x00000000f6e80000,0x00000000f6e80000,0x00000000f9780000)
 ParOldGen       total 92160K, used 88454K [0x00000000a0000000, 0x00000000a5a00000, 0x00000000e0000000)
  object space 92160K, 95% used [0x00000000a0000000,0x00000000a5661b68,0x00000000a5a00000)
 Metaspace       used 58905K, capacity 61048K, committed 61144K, reserved 1101824K
  class space    used 7681K, capacity 8183K, committed 8192K, reserved 1048576K
Event: 64.995 GC heap after
Heap after GC invocations=23 (full 4):
 PSYoungGen      total 264192K, used 2485K [0x00000000e0000000, 0x00000000f9780000, 0x0000000100000000)
  eden space 243200K, 0% used [0x00000000e0000000,0x00000000e0000000,0x00000000eed80000)
  from space 20992K, 11% used [0x00000000eed80000,0x00000000eefed540,0x00000000f0200000)
  to   space 41984K, 0% used [0x00000000f6e80000,0x00000000f6e80000,0x00000000f9780000)
 ParOldGen       total 166400K, used 91693K [0x00000000a0000000, 0x00000000aa280000, 0x00000000e0000000)
  object space 166400K, 55% used [0x00000000a0000000,0x00000000a598b6a0,0x00000000aa280000)
 Metaspace       used 58898K, capacity 61024K, committed 61144K, reserved 1101824K
  class space    used 7679K, capacity 8179K, committed 8192K, reserved 1048576K
}
Event: 84.937 GC heap before
{Heap before GC invocations=24 (full 4):
 PSYoungGen      total 264192K, used 245553K [0x00000000e0000000, 0x00000000f9780000, 0x0000000100000000)
  eden space 243200K, 99% used [0x00000000e0000000,0x00000000eed5efc0,0x00000000eed80000)
  from space 20992K, 11% used [0x00000000eed80000,0x00000000eefed540,0x00000000f0200000)
  to   space 41984K, 0% used [0x00000000f6e80000,0x00000000f6e80000,0x00000000f9780000)
 ParOldGen       total 166400K, used 91693K [0x00000000a0000000, 0x00000000aa280000, 0x00000000e0000000)
  object space 166400K, 55% used [0x00000000a0000000,0x00000000a598b6a0,0x00000000aa280000)
 Metaspace       used 59955K, capacity 62240K, committed 62424K, reserved 1103872K
  class space    used 7833K, capacity 8365K, committed 8448K, reserved 1048576K
Event: 84.994 GC heap after
Heap after GC invocations=24 (full 4):
 PSYoungGen      total 352768K, used 11782K [0x00000000e0000000, 0x00000000f8b00000, 0x0000000100000000)
  eden space 323584K, 0% used [0x00000000e0000000,0x00000000e0000000,0x00000000f3c00000)
  from space 29184K, 40% used [0x00000000f6e80000,0x00000000f7a01bf8,0x00000000f8b00000)
  to   space 40448K, 0% used [0x00000000f3c00000,0x00000000f3c00000,0x00000000f6380000)
 ParOldGen       total 166400K, used 91701K [0x00000000a0000000, 0x00000000aa280000, 0x00000000e0000000)
  object space 166400K, 55% used [0x00000000a0000000,0x00000000a598d6a0,0x00000000aa280000)
 Metaspace       used 59955K, capacity 62240K, committed 62424K, reserved 1103872K
  class space    used 7833K, capacity 8365K, committed 8448K, reserved 1048576K
}
Event: 90.041 GC heap before
{Heap before GC invocations=25 (full 4):
 PSYoungGen      total 352768K, used 335345K [0x00000000e0000000, 0x00000000f8b00000, 0x0000000100000000)
  eden space 323584K, 99% used [0x00000000e0000000,0x00000000f3bfa8b0,0x00000000f3c00000)
  from space 29184K, 40% used [0x00000000f6e80000,0x00000000f7a01bf8,0x00000000f8b00000)
  to   space 40448K, 0% used [0x00000000f3c00000,0x00000000f3c00000,0x00000000f6380000)
 ParOldGen       total 166400K, used 91701K [0x00000000a0000000, 0x00000000aa280000, 0x00000000e0000000)
  object space 166400K, 55% used [0x00000000a0000000,0x00000000a598d6a0,0x00000000aa280000)
 Metaspace       used 60379K, capacity 62730K, committed 62936K, reserved 1103872K
  class space    used 7879K, capacity 8448K, committed 8448K, reserved 1048576K
Event: 90.081 GC heap after
Heap after GC invocations=25 (full 4):
 PSYoungGen      total 364032K, used 14376K [0x00000000e0000000, 0x00000000fea80000, 0x0000000100000000)
  eden space 323584K, 0% used [0x00000000e0000000,0x00000000e0000000,0x00000000f3c00000)
  from space 40448K, 35% used [0x00000000f3c00000,0x00000000f4a0a320,0x00000000f6380000)
  to   space 38400K, 0% used [0x00000000fc500000,0x00000000fc500000,0x00000000fea80000)
 ParOldGen       total 166400K, used 92445K [0x00000000a0000000, 0x00000000aa280000, 0x00000000e0000000)
  object space 166400K, 55% used [0x00000000a0000000,0x00000000a5a476c0,0x00000000aa280000)
 Metaspace       used 60379K, capacity 62730K, committed 62936K, reserved 1103872K
  class space    used 7879K, capacity 8448K, committed 8448K, reserved 1048576K
}
Event: 336.151 GC heap before
{Heap before GC invocations=26 (full 4):
 PSYoungGen      total 364032K, used 337960K [0x00000000e0000000, 0x00000000fea80000, 0x0000000100000000)
  eden space 323584K, 100% used [0x00000000e0000000,0x00000000f3c00000,0x00000000f3c00000)
  from space 40448K, 35% used [0x00000000f3c00000,0x00000000f4a0a320,0x00000000f6380000)
  to   space 38400K, 0% used [0x00000000fc500000,0x00000000fc500000,0x00000000fea80000)
 ParOldGen       total 166400K, used 92445K [0x00000000a0000000, 0x00000000aa280000, 0x00000000e0000000)
  object space 166400K, 55% used [0x00000000a0000000,0x00000000a5a476c0,0x00000000aa280000)
 Metaspace       used 64818K, capacity 67454K, committed 67544K, reserved 1107968K
  class space    used 8374K, capacity 8958K, committed 8960K, reserved 1048576K
Event: 336.207 GC heap after
Heap after GC invocations=26 (full 4):
 PSYoungGen      total 448512K, used 6111K [0x00000000e0000000, 0x00000000fe280000, 0x0000000100000000)
  eden space 418304K, 0% used [0x00000000e0000000,0x00000000e0000000,0x00000000f9880000)
  from space 30208K, 20% used [0x00000000fc500000,0x00000000fcaf7cf8,0x00000000fe280000)
  to   space 37888K, 0% used [0x00000000f9880000,0x00000000f9880000,0x00000000fbd80000)
 ParOldGen       total 166400K, used 98026K [0x00000000a0000000, 0x00000000aa280000, 0x00000000e0000000)
  object space 166400K, 58% used [0x00000000a0000000,0x00000000a5fbabc0,0x00000000aa280000)
 Metaspace       used 64818K, capacity 67454K, committed 67544K, reserved 1107968K
  class space    used 8374K, capacity 8958K, committed 8960K, reserved 1048576K
}
Event: 499.004 GC heap before
{Heap before GC invocations=27 (full 4):
 PSYoungGen      total 448512K, used 424415K [0x00000000e0000000, 0x00000000fe280000, 0x0000000100000000)
  eden space 418304K, 100% used [0x00000000e0000000,0x00000000f9880000,0x00000000f9880000)
  from space 30208K, 20% used [0x00000000fc500000,0x00000000fcaf7cf8,0x00000000fe280000)
  to   space 37888K, 0% used [0x00000000f9880000,0x00000000f9880000,0x00000000fbd80000)
 ParOldGen       total 166400K, used 98026K [0x00000000a0000000, 0x00000000aa280000, 0x00000000e0000000)
  object space 166400K, 58% used [0x00000000a0000000,0x00000000a5fbabc0,0x00000000aa280000)
 Metaspace       used 67097K, capacity 70306K, committed 70488K, reserved 1110016K
  class space    used 8554K, capacity 9274K, committed 9344K, reserved 1048576K
Event: 499.056 GC heap after
Heap after GC invocations=27 (full 4):
 PSYoungGen      total 456192K, used 14402K [0x00000000e0000000, 0x00000000fe280000, 0x0000000100000000)
  eden space 418304K, 0% used [0x00000000e0000000,0x00000000e0000000,0x00000000f9880000)
  from space 37888K, 38% used [0x00000000f9880000,0x00000000fa690860,0x00000000fbd80000)
  to   space 30208K, 0% used [0x00000000fc500000,0x00000000fc500000,0x00000000fe280000)
 ParOldGen       total 166400K, used 101020K [0x00000000a0000000, 0x00000000aa280000, 0x00000000e0000000)
  object space 166400K, 60% used [0x00000000a0000000,0x00000000a62a71e8,0x00000000aa280000)
 Metaspace       used 67097K, capacity 70306K, committed 70488K, reserved 1110016K
  class space    used 8554K, capacity 9274K, committed 9344K, reserved 1048576K
}

